mode: set
util/util/util.go:3.26,4.12 1 1
util/util/util.go:4.12,6.3 1 0
util/util/util.go:7.2,7.28 1 1
util/util/util.go:7.28,8.15 1 1
util/util/util.go:8.15,10.4 1 1
util/util/util.go:12.2,12.13 1 1
util/util/util.go:15.37,17.54 2 1
util/util/util.go:17.54,19.3 1 1
util/util/util.go:20.2,20.22 1 1
util/util/util.go:23.34,25.26 2 1
util/util/util.go:25.26,27.3 1 1
util/util/util.go:28.2,28.12 1 1
util/util/util.go:31.27,32.11 1 1
util/util/util.go:32.11,34.3 1 1
util/util/util.go:35.2,35.22 1 1
util/util/util.go:35.22,37.3 1 1
util/util/util.go:38.2,38.27 1 1
